<?xml version="1.0" encoding="UTF-8" ?>
<testsuite tests="28" failures="0" name="DataframeTest" time="0.085" errors="0" skipped="0">
  <properties>
[...]
</properties>
  <testcase classname="DataframeTest" name="DataframeTest.testnbdecolonnes" time="0.054"/>
  <testcase classname="DataframeTest" name="DataframeTest.testErrorDimensionLignes" time="0.005"/>
  <testcase classname="DataframeTest" name="DataframeTest.testErrorDimensionLignesCSV" time="0.004"/>
  <testcase classname="DataframeTest" name="DataframeTest.testnbdelignes0CSV" time="0"/>
  <testcase classname="DataframeTest" name="DataframeTest.testnbdecolonnes0" time="0.001"/>
  <testcase classname="DataframeTest" name="DataframeTest.testnbdelignes" time="0"/>
  <testcase classname="DataframeTest" name="DataframeTest.testSelectionColonnesNonValide" time="0.001"/>
  <testcase classname="DataframeTest" name="DataframeTest.testmoyenneDouble" time="0.005"/>
  <testcase classname="DataframeTest" name="DataframeTest.testmoyenneString" time="0"/>
  <testcase classname="DataframeTest" name="DataframeTest.testsomme" time="0.001"/>
  <testcase classname="DataframeTest" name="DataframeTest.testsommeDouble" time="0"/>
  <testcase classname="DataframeTest" name="DataframeTest.testsommeString" time="0.001"/>
  <testcase classname="DataframeTest" name="DataframeTest.testmin" time="0"/>
  <testcase classname="DataframeTest" name="DataframeTest.testminDouble" time="0.001"/>
  <testcase classname="DataframeTest" name="DataframeTest.testminString" time="0.001"/>
  <testcase classname="DataframeTest" name="DataframeTest.testmax" time="0.001"/>
  <testcase classname="DataframeTest" name="DataframeTest.testmaxDouble" time="0"/>
  <testcase classname="DataframeTest" name="DataframeTest.testmaxString" time="0.001"/>
  <testcase classname="DataframeTest" name="DataframeTest.testnbdelignes0" time="0"/>
  <testcase classname="DataframeTest" name="DataframeTest.testErrorDimensionColonneCSV" time="0.001"/>
  <testcase classname="DataframeTest" name="DataframeTest.testErrorDimensionColonne" time="0.001"/>
  <testcase classname="DataframeTest" name="DataframeTest.testSelectionlignes" time="0"/>
  <testcase classname="DataframeTest" name="DataframeTest.testnbdecolonnesCSV" time="0"/>
  <testcase classname="DataframeTest" name="DataframeTest.testSelectionErrorIndex1" time="0.001"/>
  <testcase classname="DataframeTest" name="DataframeTest.testSelectionErrorIndex2" time="0.001"/>
  <testcase classname="DataframeTest" name="DataframeTest.testmoyenne" time="0"/>
  <testcase classname="DataframeTest" name="DataframeTest.testIOException" time="0.005"/>
  <testcase classname="DataframeTest" name="DataframeTest.testSelectionColonnes" time="0"/>
</testsuite>